2025-04-08 23:45:22.814275 - Received CBT.V508.FILE126.PDS from FILE126.XMI 
2025-04-08 23:45:22.816911 - Found $$$#DATE.txt (text/plain) in CBT.V508.FILE126.PDS, moved to PDS/$$$#DATE
2025-04-08 23:45:22.817568 - Found $$$420.txt (text/plain) in CBT.V508.FILE126.PDS, moved to PDS/$$$420
2025-04-08 23:45:22.818177 - Found $$DOC.txt (text/plain) in CBT.V508.FILE126.PDS, moved to PDS/$$DOC
2025-04-08 23:45:22.818944 - Found $MODS220.txt (text/plain) in CBT.V508.FILE126.PDS, moved to PDS/$MODS220
2025-04-08 23:45:22.819506 - Found $USERCBS.txt (text/plain) in CBT.V508.FILE126.PDS, moved to PDS/$USERCBS
2025-04-08 23:45:22.820090 - Found @FILE126.txt (text/plain) in CBT.V508.FILE126.PDS, moved to PDS/@FILE126
2025-04-08 23:45:22.820671 - Found @SMC3PO.jcl (text/plain) in CBT.V508.FILE126.PDS, moved to PDS/@SMC3PO
2025-04-08 23:45:22.821176 - Found @SMEXIT4.jcl (text/plain) in CBT.V508.FILE126.PDS, moved to PDS/@SMEXIT4
2025-04-08 23:45:22.821786 - Found @SMEXIT7.jcl (text/plain) in CBT.V508.FILE126.PDS, moved to PDS/@SMEXIT7
2025-04-08 23:45:22.822359 - Found @SMEXIT8.jcl (text/plain) in CBT.V508.FILE126.PDS, moved to PDS/@SMEXIT8
2025-04-08 23:45:22.822930 - Found @SMVMXIT.jcl (text/plain) in CBT.V508.FILE126.PDS, moved to PDS/@SMVMXIT
2025-04-08 23:45:22.823507 - Found @SM0025B.jcl (text/plain) in CBT.V508.FILE126.PDS, moved to PDS/@SM0025B
2025-04-08 23:45:22.824177 - Found @ZAPRDPS.jcl (text/plain) in CBT.V508.FILE126.PDS, moved to PDS/@ZAPRDPS
2025-04-08 23:45:22.824791 - Found C3POTBL.txt (text/plain) in CBT.V508.FILE126.PDS, moved to PDS/C3POTBL
2025-04-08 23:45:22.825427 - Found HASPXJ04.txt (text/plain) in CBT.V508.FILE126.PDS, moved to PDS/HASPXJ04
2025-04-08 23:45:22.826022 - Found HASPXJ07.txt (text/plain) in CBT.V508.FILE126.PDS, moved to PDS/HASPXJ07
2025-04-08 23:45:22.826659 - Found HASPXS08.txt (text/plain) in CBT.V508.FILE126.PDS, moved to PDS/HASPXS08
2025-04-08 23:45:22.827244 - Found IEASVC00.txt (text/plain) in CBT.V508.FILE126.PDS, moved to PDS/IEASVC00
2025-04-08 23:45:22.827837 - Found IEAVMXIT.txt (text/plain) in CBT.V508.FILE126.PDS, moved to PDS/IEAVMXIT
2025-04-08 23:45:22.828407 - Found IEBCOPY.jcl (text/plain) in CBT.V508.FILE126.PDS, moved to PDS/IEBCOPY
2025-04-08 23:45:22.829027 - Found IEEC3PO.txt (text/plain) in CBT.V508.FILE126.PDS, moved to PDS/IEEC3PO
2025-04-08 23:45:22.829623 - Found IGC0025B.txt (text/plain) in CBT.V508.FILE126.PDS, moved to PDS/IGC0025B
2025-04-08 23:45:22.830158 - Found JES2PARM.txt (text/plain) in CBT.V508.FILE126.PDS, moved to PDS/JES2PARM
2025-04-08 23:45:22.830817 - Found KEYSCAN.txt (text/plain) in CBT.V508.FILE126.PDS, moved to PDS/KEYSCAN
2025-04-08 23:45:22.831448 - Found KEYT.txt (text/plain) in CBT.V508.FILE126.PDS, moved to PDS/KEYT
2025-04-08 23:45:22.832083 - Found LLB0007.txt (text/plain) in CBT.V508.FILE126.PDS, moved to PDS/LLB0007
2025-04-08 23:45:22.832663 - Found MSGENT.txt (text/plain) in CBT.V508.FILE126.PDS, moved to PDS/MSGENT
2025-04-08 23:45:22.833242 - Found WTOR.jcl (text/plain) in CBT.V508.FILE126.PDS, moved to PDS/WTOR
